<html>
<head>
<title>TestNG:  Surefire test</title>
<link href="../testng.css" rel="stylesheet" type="text/css" />
<link href="../my-testng.css" rel="stylesheet" type="text/css" />

<style type="text/css">
.log { display: none;} 
.stack-trace { display: none;} 
</style>
<script type="text/javascript">
<!--
function flip(e) {
  current = e.style.display;
  if (current == 'block') {
    e.style.display = 'none';
    return 0;
  }
  else {
    e.style.display = 'block';
    return 1;
  }
}

function toggleBox(szDivId, elem, msg1, msg2)
{
  var res = -1;  if (document.getElementById) {
    res = flip(document.getElementById(szDivId));
  }
  else if (document.all) {
    // this is the way old msie versions work
    res = flip(document.all[szDivId]);
  }
  if(elem) {
    if(res == 0) elem.innerHTML = msg1; else elem.innerHTML = msg2;
  }

}

function toggleAllBoxes() {
  if (document.getElementsByTagName) {
    d = document.getElementsByTagName('div');
    for (i = 0; i < d.length; i++) {
      if (d[i].className == 'log') {
        flip(d[i]);
      }
    }
  }
}

// -->
</script>

</head>
<body>
<h2 align='center'>Surefire test</h2><table border='1' align="center">
<tr>
<td>Tests passed/Failed/Skipped:</td><td>1/1/0</td>
</tr><tr>
<td>Started on:</td><td>Sat Apr 13 17:43:18 BST 2019</td>
</tr>
<tr><td>Total time:</td><td>55 seconds (55286 ms)</td>
</tr><tr>
<td>Included groups:</td><td></td>
</tr><tr>
<td>Excluded groups:</td><td></td>
</tr>
</table><p/>
<small><i>(Hover the method name to see the test class name)</i></small><p/>
<table width='100%' border='1' class='invocation-failed'>
<tr><td colspan='4' align='center'><b>FAILED TESTS</b></td></tr>
<tr><td><b>Test method</b></td>
<td width="30%"><b>Exception</b></td>
<td width="10%"><b>Time (seconds)</b></td>
<td><b>Instance</b></td>
</tr>
<tr>
<td title='TestRunner.feature()'><b>feature</b><br>Test class: TestRunner<br>Test method: Runs Cucumber Feature<br>Parameters: Google Search</td>
<td><div><pre>cucumber.runtime.CucumberException: org.openqa.selenium.WebDriverException: Failed to connect to binary FirefoxBinary(C:\Program Files (x86)\Mozilla Firefox\firefox.exe) on port 7055; process output follows: 
ghtbulb.svg&quot;,&quot;48&quot;:&quot;icons/lightbulb.svg&quot;,&quot;96&quot;:&quot;icons/lightbulb.svg&quot;,&quot;128&quot;:&quot;icons/lightbulb.svg&quot;},&quot;iconURL&quot;:null,&quot;blocklistState&quot;:0,&quot;blocklistURL&quot;:null,&quot;startupData&quot;:null,&quot;hidden&quot;:true,&quot;installTelemetryInfo&quot;:null,&quot;location&quot;:&quot;app-system-defaults&quot;}
1555173807447	addons.xpi	DEBUG	Updating XPIState for {&quot;id&quot;:&quot;webcompat@mozilla.org&quot;,&quot;syncGUID&quot;:&quot;{a0d39ca2-bca4-4e5a-ae7c-5124376227a4}&quot;,&quot;version&quot;:&quot;3.0.2&quot;,&quot;type&quot;:&quot;extension&quot;,&quot;loader&quot;:null,&quot;updateURL&quot;:null,&quot;optionsURL&quot;:null,&quot;optionsType&quot;:null,&quot;optionsBrowserStyle&quot;:true,&quot;aboutURL&quot;:null,&quot;defaultLocale&quot;:{&quot;name&quot;:&quot;Web Compat&quot;,&quot;description&quot;:&quot;Urgent post-release fixes for web compatibility.&quot;,&quot;creator&quot;:null,&quot;developers&quot;:null,&quot;translators&quot;:null,&quot;contributors&quot;:null},&quot;visible&quot;:true,&quot;active&quot;:true,&quot;userDisabled&quot;:false,&quot;appDisabled&quot;:false,&quot;installDate&quot;:1554571702928,&quot;updateDate&quot;:1554571702928,&quot;applyBackgroundUpdates&quot;:1,&quot;path&quot;:&quot;C:\\Program Files (x86)\\Mozilla Firefox\\browser\\features\\webcompat@mozilla.org.xpi&quot;,&quot;skinnable&quot;:false,&quot;sourceURI&quot;:null,&quot;releaseNotesURI&quot;:null,&quot;softDisabled&quot;:false,&quot;foreignInstall&quot;:false,&quot;strictCompatibility&quot;:true,&quot;locales&quot;:[],&quot;targetApplications&quot;:[{&quot;id&quot;:&quot;toolkit@mozilla.org&quot;,&quot;minVersion&quot;:&quot;59.0b5&quot;,&quot;maxVersion&quot;:null}],&quot;targetPlatforms&quot;:[],&quot;seen&quot;:true,&quot;dependencies&quot;:[],&quot;userPermissions&quot;:{&quot;permissions&quot;:[&quot;webRequest&quot;,&quot;webRequestBlocking&quot;],&quot;origins&quot;:[&quot;&lt;all_urls&gt;&quot;]},&quot;icons&quot;:{},&quot;iconURL&quot;:null,&quot;blocklistState&quot;:0,&quot;blocklistURL&quot;:null,&quot;startupData&quot;:null,&quot;hidden&quot;:true,&quot;installTelemetryInfo&quot;:null,&quot;location&quot;:&quot;app-system-defaults&quot;}
1555173807447	addons.xpi-utils	DEBUG	Updating add-on states
1555173807451	addons.xpi	DEBUG	Calling bootstrap method startup on formautofill@mozilla.org version 1.0
1555173807454	addons.xpi	DEBUG	Calling bootstrap method startup on screenshots@mozilla.org version 35.0.0
1555173807456	addons.xpi	DEBUG	Calling bootstrap method startup on webcompat@mozilla.org version 3.0.2
1555173807459	addons.manager	DEBUG	Registering shutdown blocker for XPIProvider
1555173807460	addons.manager	DEBUG	Provider finished startup: XPIProvider
1555173807460	addons.manager	DEBUG	Starting provider: LightweightThemeManager
1555173807460	addons.manager	DEBUG	Registering shutdown blocker for LightweightThemeManager
1555173807461	addons.manager	DEBUG	Provider finished startup: LightweightThemeManager
1555173807462	addons.manager	DEBUG	Starting provider: GMPProvider
1555173807466	addons.manager	DEBUG	Registering shutdown blocker for GMPProvider
1555173807467	addons.manager	DEBUG	Provider finished startup: GMPProvider
1555173807467	addons.manager	DEBUG	Starting provider: PluginProvider
1555173807467	addons.manager	DEBUG	Registering shutdown blocker for PluginProvider
1555173807467	addons.manager	DEBUG	Provider finished startup: PluginProvider
1555173807477	addons.manager	DEBUG	Completed startup sequence
1555173809358	addons.xpi-utils	DEBUG	XPI Database saved, setting schema version preference to 28
1555173810094	addons.repository	DEBUG	No addons.json found.
1555173812667	addons.xpi	DEBUG	Ignoring file: name is not a valid add-on ID: C:\Users\TriNity\AppData\Local\Temp\anonymous8253210130243637588webdriver-profile\extensions\webdriver-staging
1555173812679	addons.xpi	DEBUG	Existing add-on formautofill@mozilla.org in app-system-defaults
1555173812680	addons.xpi	DEBUG	Existing add-on screenshots@mozilla.org in app-system-defaults
1555173812680	addons.xpi	DEBUG	Existing add-on webcompat-reporter@mozilla.org in app-system-defaults
1555173812681	addons.xpi	DEBUG	Existing add-on webcompat@mozilla.org in app-system-defaults
1555173812682	addons.xpi	DEBUG	scanForChanges changed: false, state: {}
JavaScript error: resource://gre/modules/addons/XPIProvider.jsm, line 2614: TypeError: addon is null
1555173812866	addons.manager	DEBUG	Registering upgrade listener for formautofill@mozilla.org
[Child 14696, Chrome_ChildThread] WARNING: pipe error: 109: file z:/build/build/src/ipc/chromium/src/chrome/common/ipc_channel_win.cc, line 332
[Child 14696, Chrome_ChildThread] WARNING: pipe error: 109: file z:/build/build/src/ipc/chromium/src/chrome/common/ipc_channel_win.cc, line 332

Build info: version: &apos;3.0.1&apos;, revision: &apos;1969d75&apos;, time: &apos;2016-10-18 09:49:13 -0700&apos;
System info: host: &apos;DESKTOP-8L4ELD8&apos;, ip: &apos;192.168.15.204&apos;, os.name: &apos;Windows 10&apos;, os.arch: &apos;amd64&apos;, os.version: &apos;10.0&apos;, java.version: &apos;1.8.0_201&apos;
Driver info: driver.version: FirefoxDriver
	at cucumber.api.testng.TestNGCucumberRunner.runCucumber(TestNGCucumberRunner.java:69)
	at TestRunner.feature(TestRunner.java:31)
Caused by: org.openqa.selenium.WebDriverException: Failed to connect to binary FirefoxBinary(C:\Program Files (x86)\Mozilla Firefox\firefox.exe) on port 7055; process output follows: 
ghtbulb.svg&quot;,&quot;48&quot;:&quot;icons/lightbulb.svg&quot;,&quot;96&quot;:&quot;icons/lightbulb.svg&quot;,&quot;128&quot;:&quot;icons/lightbulb.svg&quot;},&quot;iconURL&quot;:null,&quot;blocklistState&quot;:0,&quot;blocklistURL&quot;:null,&quot;startupData&quot;:null,&quot;hidden&quot;:true,&quot;installTelemetryInfo&quot;:null,&quot;location&quot;:&quot;app-system-defaults&quot;}
1555173807447	addons.xpi	DEBUG	Updating XPIState for {&quot;id&quot;:&quot;webcompat@mozilla.org&quot;,&quot;syncGUID&quot;:&quot;{a0d39ca2-bca4-4e5a-ae7c-5124376227a4}&quot;,&quot;version&quot;:&quot;3.0.2&quot;,&quot;type&quot;:&quot;extension&quot;,&quot;loader&quot;:null,&quot;updateURL&quot;:null,&quot;optionsURL&quot;:null,&quot;optionsType&quot;:null,&quot;optionsBrowserStyle&quot;:true,&quot;aboutURL&quot;:null,&quot;defaultLocale&quot;:{&quot;name&quot;:&quot;Web Compat&quot;,&quot;description&quot;:&quot;Urgent post-release fixes for web compatibility.&quot;,&quot;creator&quot;:null,&quot;developers&quot;:null,&quot;translators&quot;:null,&quot;contributors&quot;:null},&quot;visible&quot;:true,&quot;active&quot;:true,&quot;userDisabled&quot;:false,&quot;appDisabled&quot;:false,&quot;installDate&quot;:1554571702928,&quot;updateDate&quot;:1554571702928,&quot;applyBackgroundUpdates&quot;:1,&quot;path&quot;:&quot;C:\\Program Files (x86)\\Mozilla Firefox\\browser\\features\\webcompat@mozilla.org.xpi&quot;,&quot;skinnable&quot;:false,&quot;sourceURI&quot;:null,&quot;releaseNotesURI&quot;:null,&quot;softDisabled&quot;:false,&quot;foreignInstall&quot;:false,&quot;strictCompatibility&quot;:true,&quot;locales&quot;:[],&quot;targetApplications&quot;:[{&quot;id&quot;:&quot;toolkit@mozilla.org&quot;,&quot;minVersion&quot;:&quot;59.0b5&quot;,&quot;maxVersion&quot;:null}],&quot;targetPlatforms&quot;:[],&quot;seen&quot;:true,&quot;dependencies&quot;:[],&quot;userPermissions&quot;:{&quot;permissions&quot;:[&quot;webRequest&quot;,&quot;webRequestBlocking&quot;],&quot;origins&quot;:[&quot;&lt;all_urls&gt;&quot;]},&quot;icons&quot;:{},&quot;iconURL&quot;:null,&quot;blocklistState&quot;:0,&quot;blocklistURL&quot;:null,&quot;startupData&quot;:null,&quot;hidden&quot;:true,&quot;installTelemetryInfo&quot;:null,&quot;location&quot;:&quot;app-system-defaults&quot;}
1555173807447	addons.xpi-utils	DEBUG	Updating add-on states
1555173807451	addons.xpi	DEBUG	Calling bootstrap method startup on formautofill@mozilla.org version 1.0
1555173807454	addons.xpi	DEBUG	Calling bootstrap method startup on screenshots@mozilla.org version 35.0.0
1555173807456	addons.xpi	DEBUG	Calling bootstrap method startup on webcompat@mozilla.org version 3.0.2
1555173807459	addons.manager	DEBUG	Registering shutdown blocker for XPIProvider
1555173807460	addons.manager	DEBUG	Provider finished startup: XPIProvider
1555173807460	addons.manager	DEBUG	Starting provider: LightweightThemeManager
1555173807460	addons.manager	DEBUG	Registering shutdown blocker for LightweightThemeManager
1555173807461	addons.manager	DEBUG	Provider finished startup: LightweightThemeManager
1555173807462	addons.manager	DEBUG	Starting provider: GMPProvider
1555173807466	addons.manager	DEBUG	Registering shutdown blocker for GMPProvider
1555173807467	addons.manager	DEBUG	Provider finished startup: GMPProvider
1555173807467	addons.manager	DEBUG	Starting provider: PluginProvider
1555173807467	addons.manager	DEBUG	Registering shutdown blocker for PluginProvider
1555173807467	addons.manager	DEBUG	Provider finished startup: PluginProvider
1555173807477	addons.manager	DEBUG	Completed startup sequence
1555173809358	addons.xpi-utils	DEBUG	XPI Database saved, setting schema version preference to 28
1555173810094	addons.repository	DEBUG	No addons.json found.
1555173812667	addons.xpi	DEBUG	Ignoring file: name is not a valid add-on ID: C:\Users\TriNity\AppData\Local\Temp\anonymous8253210130243637588webdriver-profile\extensions\webdriver-staging
1555173812679	addons.xpi	DEBUG	Existing add-on formautofill@mozilla.org in app-system-defaults
1555173812680	addons.xpi	DEBUG	Existing add-on screenshots@mozilla.org in app-system-defaults
1555173812680	addons.xpi	DEBUG	Existing add-on webcompat-reporter@mozilla.org in app-system-defaults
1555173812681	addons.xpi	DEBUG	Existing add-on webcompat@mozilla.org in app-system-defaults
1555173812682	addons.xpi	DEBUG	scanForChanges changed: false, state: {}
JavaScript error: resource://gre/modules/addons/XPIProvider.jsm, line 2614: TypeError: addon is null
1555173812866	addons.manager	DEBUG	Registering upgrade listener for formautofill@mozilla.org
[Child 14696, Chrome_ChildThread] WARNING: pipe error: 109: file z:/build/build/src/ipc/chromium/src/chrome/common/ipc_channel_win.cc, line 332
[Child 14696, Chrome_ChildThread] WARNING: pipe error: 109: file z:/build/build/src/ipc/chromium/src/chrome/common/ipc_channel_win.cc, line 332

Build info: version: &apos;3.0.1&apos;, revision: &apos;1969d75&apos;, time: &apos;2016-10-18 09:49:13 -0700&apos;
System info: host: &apos;DESKTOP-8L4ELD8&apos;, ip: &apos;192.168.15.204&apos;, os.name: &apos;Windows 10&apos;, os.arch: &apos;amd64&apos;, os.version: &apos;10.0&apos;, java.version: &apos;1.8.0_201&apos;
Driver info: driver.version: FirefoxDriver
	at org.openqa.selenium.firefox.internal.NewProfileExtensionConnection.start(NewProfileExtensionConnection.java:125)
	at org.openqa.selenium.firefox.FirefoxDriver.startClient(FirefoxDriver.java:347)
	at org.openqa.selenium.remote.RemoteWebDriver.&lt;init&gt;(RemoteWebDriver.java:116)
	at org.openqa.selenium.firefox.FirefoxDriver.&lt;init&gt;(FirefoxDriver.java:259)
	at org.openqa.selenium.firefox.FirefoxDriver.&lt;init&gt;(FirefoxDriver.java:247)
	at org.openqa.selenium.firefox.FirefoxDriver.&lt;init&gt;(FirefoxDriver.java:242)
	at org.openqa.selenium.firefox.FirefoxDriver.&lt;init&gt;(FirefoxDriver.java:238)
	at org.openqa.selenium.firefox.FirefoxDriver.&lt;init&gt;(FirefoxDriver.java:127)
	at stepdefinition.SearchStep.i_an_on_Google_Search_page(SearchStep.java:16)
	at ?.Given I an on Google Search page(search.feature:7)
Caused by: org.openqa.selenium.firefox.NotConnectedException: Unable to connect to host 127.0.0.1 on port 7055 after 45000 ms. Firefox console output:
ghtbulb.svg&quot;,&quot;48&quot;:&quot;icons/lightbulb.svg&quot;,&quot;96&quot;:&quot;icons/lightbulb.svg&quot;,&quot;128&quot;:&quot;icons/lightbulb.svg&quot;},&quot;iconURL&quot;:null,&quot;blocklistState&quot;:0,&quot;blocklistURL&quot;:null,&quot;startupData&quot;:null,&quot;hidden&quot;:true,&quot;installTelemetryInfo&quot;:null,&quot;location&quot;:&quot;app-system-defaults&quot;}
1555173807447	addons.xpi	DEBUG	Updating XPIState for {&quot;id&quot;:&quot;webcompat@mozilla.org&quot;,&quot;syncGUID&quot;:&quot;{a0d39ca2-bca4-4e5a-ae7c-5124376227a4}&quot;,&quot;version&quot;:&quot;3.0.2&quot;,&quot;type&quot;:&quot;extension&quot;,&quot;loader&quot;:null,&quot;updateURL&quot;:null,&quot;optionsURL&quot;:null,&quot;optionsType&quot;:null,&quot;optionsBrowserStyle&quot;:true,&quot;aboutURL&quot;:null,&quot;defaultLocale&quot;:{&quot;name&quot;:&quot;Web Compat&quot;,&quot;description&quot;:&quot;Urgent post-release fixes for web compatibility.&quot;,&quot;creator&quot;:null,&quot;developers&quot;:null,&quot;translators&quot;:null,&quot;contributors&quot;:null},&quot;visible&quot;:true,&quot;active&quot;:true,&quot;userDisabled&quot;:false,&quot;appDisabled&quot;:false,&quot;installDate&quot;:1554571702928,&quot;updateDate&quot;:1554571702928,&quot;applyBackgroundUpdates&quot;:1,&quot;path&quot;:&quot;C:\\Program Files (x86)\\Mozilla Firefox\\browser\\features\\webcompat@mozilla.org.xpi&quot;,&quot;skinnable&quot;:false,&quot;sourceURI&quot;:null,&quot;releaseNotesURI&quot;:null,&quot;softDisabled&quot;:false,&quot;foreignInstall&quot;:false,&quot;strictCompatibility&quot;:true,&quot;locales&quot;:[],&quot;targetApplications&quot;:[{&quot;id&quot;:&quot;toolkit@mozilla.org&quot;,&quot;minVersion&quot;:&quot;59.0b5&quot;,&quot;maxVersion&quot;:null}],&quot;targetPlatforms&quot;:[],&quot;seen&quot;:true,&quot;dependencies&quot;:[],&quot;userPermissions&quot;:{&quot;permissions&quot;:[&quot;webRequest&quot;,&quot;webRequestBlocking&quot;],&quot;origins&quot;:[&quot;&lt;all_urls&gt;&quot;]},&quot;icons&quot;:{},&quot;iconURL&quot;:null,&quot;blocklistState&quot;:0,&quot;blocklistURL&quot;:null,&quot;startupData&quot;:null,&quot;hidden&quot;:true,&quot;installTelemetryInfo&quot;:null,&quot;location&quot;:&quot;app-system-defaults&quot;}
1555173807447	addons.xpi-utils	DEBUG	Updating add-on states
1555173807451	addons.xpi	DEBUG	Calling bootstrap method startup on formautofill@mozilla.org version 1.0
1555173807454	addons.xpi	DEBUG	Calling bootstrap method startup on screenshots@mozilla.org version 35.0.0
1555173807456	addons.xpi	DEBUG	Calling bootstrap method startup on webcompat@mozilla.org version 3.0.2
1555173807459	addons.manager	DEBUG	Registering shutdown blocker for XPIProvider
1555173807460	addons.manager	DEBUG	Provider finished startup: XPIProvider
1555173807460	addons.manager	DEBUG	Starting provider: LightweightThemeManager
1555173807460	addons.manager	DEBUG	Registering shutdown blocker for LightweightThemeManager
1555173807461	addons.manager	DEBUG	Provider finished startup: LightweightThemeManager
1555173807462	addons.manager	DEBUG	Starting provider: GMPProvider
1555173807466	addons.manager	DEBUG	Registering shutdown blocker for GMPProvider
1555173807467	addons.manager	DEBUG	Provider finished startup: GMPProvider
1555173807467	addons.manager	DEBUG	Starting provider: PluginProvider
1555173807467	addons.manager	DEBUG	Registering shutdown blocker for PluginProvider
1555173807467	addons.manager	DEBUG	Provider finished startup: PluginProvider
1555173807477	addons.manager	DEBUG	Completed startup sequence
1555173809358	addons.xpi-utils	DEBUG	XPI Database saved, setting schema version preference to 28
1555173810094	addons.repository	DEBUG	No addons.json found.
1555173812667	addons.xpi	DEBUG	Ignoring file: name is not a valid add-on ID: C:\Users\TriNity\AppData\Local\Temp\anonymous8253210130243637588webdriver-profile\extensions\webdriver-staging
1555173812679	addons.xpi	DEBUG	Existing add-on formautofill@mozilla.org in app-system-defaults
1555173812680	addons.xpi	DEBUG	Existing add-on screenshots@mozilla.org in app-system-defaults
1555173812680	addons.xpi	DEBUG	Existing add-on webcompat-reporter@mozilla.org in app-system-defaults
1555173812681	addons.xpi	DEBUG	Existing add-on webcompat@mozilla.org in app-system-defaults
1555173812682	addons.xpi	DEBUG	scanForChanges changed: false, state: {}
JavaScript error: resource://gre/modules/addons/XPIProvider.jsm, line 2614: TypeError: addon is null
1555173812866	addons.manager	DEBUG	Registering upgrade listener for formautofill@mozilla.org
[Child 14696, Chrome_ChildThread] WARNING: pipe error: 109: file z:/build/build/src/ipc/chromium/src/chrome/common/ipc_channel_win.cc, line 332
[Child 14696, Chrome_ChildThread] WARNING: pipe error: 109: file z:/build/build/src/ipc/chromium/src/chrome/common/ipc_channel_win.cc, line 332

	at org.openqa.selenium.firefox.internal.NewProfileExtensionConnection.start(NewProfileExtensionConnection.java:113)
	at org.openqa.selenium.firefox.FirefoxDriver.startClient(FirefoxDriver.java:347)
	at org.openqa.selenium.remote.RemoteWebDriver.&lt;init&gt;(RemoteWebDriver.java:116)
	at org.openqa.selenium.firefox.FirefoxDriver.&lt;init&gt;(FirefoxDriver.java:259)
	at org.openqa.selenium.firefox.FirefoxDriver.&lt;init&gt;(FirefoxDriver.java:247)
	at org.openqa.selenium.firefox.FirefoxDriver.&lt;init&gt;(FirefoxDriver.java:242)
	at org.openqa.selenium.firefox.FirefoxDriver.&lt;init&gt;(FirefoxDriver.java:238)
	at org.openqa.selenium.firefox.FirefoxDriver.&lt;init&gt;(FirefoxDriver.java:127)
	at stepdefinition.SearchStep.i_an_on_Google_Search_page(SearchStep.java:16)
	at cucumber.runtime.Utils$1.call(Utils.java:40)
	at cucumber.runtime.Timeout.timeout(Timeout.java:16)
	at cucumber.runtime.Utils.invoke(Utils.java:34)
	at cucumber.runtime.java.JavaStepDefinition.execute(JavaStepDefinition.java:38)
	at cucumber.runtime.StepDefinitionMatch.runStep(StepDefinitionMatch.java:37)
	at cucumber.runtime.Runtime.runStep(Runtime.java:300)
	at cucumber.runtime.model.StepContainer.runStep(StepContainer.java:44)
	at cucumber.runtime.model.StepContainer.runSteps(StepContainer.java:39)
	at cucumber.runtime.model.CucumberScenario.run(CucumberScenario.java:44)
	at cucumber.runtime.model.CucumberFeature.run(CucumberFeature.java:165)
	at cucumber.api.testng.TestNGCucumberRunner.runCucumber(TestNGCucumberRunner.java:63)
	at TestRunner.feature(TestRunner.java:31)
... Removed 62 stack frames</pre></div><a href='#' onClick='toggleBox("stack-trace55755528", this, "Click to show all stack frames", "Click to hide stack frames")'>Click to show all stack frames</a>
<div class='stack-trace' id='stack-trace55755528'><pre>cucumber.runtime.CucumberException: org.openqa.selenium.WebDriverException: Failed to connect to binary FirefoxBinary(C:\Program Files (x86)\Mozilla Firefox\firefox.exe) on port 7055; process output follows: 
ghtbulb.svg&quot;,&quot;48&quot;:&quot;icons/lightbulb.svg&quot;,&quot;96&quot;:&quot;icons/lightbulb.svg&quot;,&quot;128&quot;:&quot;icons/lightbulb.svg&quot;},&quot;iconURL&quot;:null,&quot;blocklistState&quot;:0,&quot;blocklistURL&quot;:null,&quot;startupData&quot;:null,&quot;hidden&quot;:true,&quot;installTelemetryInfo&quot;:null,&quot;location&quot;:&quot;app-system-defaults&quot;}
1555173807447	addons.xpi	DEBUG	Updating XPIState for {&quot;id&quot;:&quot;webcompat@mozilla.org&quot;,&quot;syncGUID&quot;:&quot;{a0d39ca2-bca4-4e5a-ae7c-5124376227a4}&quot;,&quot;version&quot;:&quot;3.0.2&quot;,&quot;type&quot;:&quot;extension&quot;,&quot;loader&quot;:null,&quot;updateURL&quot;:null,&quot;optionsURL&quot;:null,&quot;optionsType&quot;:null,&quot;optionsBrowserStyle&quot;:true,&quot;aboutURL&quot;:null,&quot;defaultLocale&quot;:{&quot;name&quot;:&quot;Web Compat&quot;,&quot;description&quot;:&quot;Urgent post-release fixes for web compatibility.&quot;,&quot;creator&quot;:null,&quot;developers&quot;:null,&quot;translators&quot;:null,&quot;contributors&quot;:null},&quot;visible&quot;:true,&quot;active&quot;:true,&quot;userDisabled&quot;:false,&quot;appDisabled&quot;:false,&quot;installDate&quot;:1554571702928,&quot;updateDate&quot;:1554571702928,&quot;applyBackgroundUpdates&quot;:1,&quot;path&quot;:&quot;C:\\Program Files (x86)\\Mozilla Firefox\\browser\\features\\webcompat@mozilla.org.xpi&quot;,&quot;skinnable&quot;:false,&quot;sourceURI&quot;:null,&quot;releaseNotesURI&quot;:null,&quot;softDisabled&quot;:false,&quot;foreignInstall&quot;:false,&quot;strictCompatibility&quot;:true,&quot;locales&quot;:[],&quot;targetApplications&quot;:[{&quot;id&quot;:&quot;toolkit@mozilla.org&quot;,&quot;minVersion&quot;:&quot;59.0b5&quot;,&quot;maxVersion&quot;:null}],&quot;targetPlatforms&quot;:[],&quot;seen&quot;:true,&quot;dependencies&quot;:[],&quot;userPermissions&quot;:{&quot;permissions&quot;:[&quot;webRequest&quot;,&quot;webRequestBlocking&quot;],&quot;origins&quot;:[&quot;&lt;all_urls&gt;&quot;]},&quot;icons&quot;:{},&quot;iconURL&quot;:null,&quot;blocklistState&quot;:0,&quot;blocklistURL&quot;:null,&quot;startupData&quot;:null,&quot;hidden&quot;:true,&quot;installTelemetryInfo&quot;:null,&quot;location&quot;:&quot;app-system-defaults&quot;}
1555173807447	addons.xpi-utils	DEBUG	Updating add-on states
1555173807451	addons.xpi	DEBUG	Calling bootstrap method startup on formautofill@mozilla.org version 1.0
1555173807454	addons.xpi	DEBUG	Calling bootstrap method startup on screenshots@mozilla.org version 35.0.0
1555173807456	addons.xpi	DEBUG	Calling bootstrap method startup on webcompat@mozilla.org version 3.0.2
1555173807459	addons.manager	DEBUG	Registering shutdown blocker for XPIProvider
1555173807460	addons.manager	DEBUG	Provider finished startup: XPIProvider
1555173807460	addons.manager	DEBUG	Starting provider: LightweightThemeManager
1555173807460	addons.manager	DEBUG	Registering shutdown blocker for LightweightThemeManager
1555173807461	addons.manager	DEBUG	Provider finished startup: LightweightThemeManager
1555173807462	addons.manager	DEBUG	Starting provider: GMPProvider
1555173807466	addons.manager	DEBUG	Registering shutdown blocker for GMPProvider
1555173807467	addons.manager	DEBUG	Provider finished startup: GMPProvider
1555173807467	addons.manager	DEBUG	Starting provider: PluginProvider
1555173807467	addons.manager	DEBUG	Registering shutdown blocker for PluginProvider
1555173807467	addons.manager	DEBUG	Provider finished startup: PluginProvider
1555173807477	addons.manager	DEBUG	Completed startup sequence
1555173809358	addons.xpi-utils	DEBUG	XPI Database saved, setting schema version preference to 28
1555173810094	addons.repository	DEBUG	No addons.json found.
1555173812667	addons.xpi	DEBUG	Ignoring file: name is not a valid add-on ID: C:\Users\TriNity\AppData\Local\Temp\anonymous8253210130243637588webdriver-profile\extensions\webdriver-staging
1555173812679	addons.xpi	DEBUG	Existing add-on formautofill@mozilla.org in app-system-defaults
1555173812680	addons.xpi	DEBUG	Existing add-on screenshots@mozilla.org in app-system-defaults
1555173812680	addons.xpi	DEBUG	Existing add-on webcompat-reporter@mozilla.org in app-system-defaults
1555173812681	addons.xpi	DEBUG	Existing add-on webcompat@mozilla.org in app-system-defaults
1555173812682	addons.xpi	DEBUG	scanForChanges changed: false, state: {}
JavaScript error: resource://gre/modules/addons/XPIProvider.jsm, line 2614: TypeError: addon is null
1555173812866	addons.manager	DEBUG	Registering upgrade listener for formautofill@mozilla.org
[Child 14696, Chrome_ChildThread] WARNING: pipe error: 109: file z:/build/build/src/ipc/chromium/src/chrome/common/ipc_channel_win.cc, line 332
[Child 14696, Chrome_ChildThread] WARNING: pipe error: 109: file z:/build/build/src/ipc/chromium/src/chrome/common/ipc_channel_win.cc, line 332

Build info: version: &apos;3.0.1&apos;, revision: &apos;1969d75&apos;, time: &apos;2016-10-18 09:49:13 -0700&apos;
System info: host: &apos;DESKTOP-8L4ELD8&apos;, ip: &apos;192.168.15.204&apos;, os.name: &apos;Windows 10&apos;, os.arch: &apos;amd64&apos;, os.version: &apos;10.0&apos;, java.version: &apos;1.8.0_201&apos;
Driver info: driver.version: FirefoxDriver
	at cucumber.api.testng.TestNGCucumberRunner.runCucumber(TestNGCucumberRunner.java:69)
	at TestRunner.feature(TestRunner.java:31)
	at sun.reflect.NativeMethodAccessorImpl.invoke0(Native Method)
	at sun.reflect.NativeMethodAccessorImpl.invoke(NativeMethodAccessorImpl.java:62)
	at sun.reflect.DelegatingMethodAccessorImpl.invoke(DelegatingMethodAccessorImpl.java:43)
	at java.lang.reflect.Method.invoke(Method.java:498)
	at org.testng.internal.MethodInvocationHelper.invokeMethod(MethodInvocationHelper.java:85)
	at org.testng.internal.Invoker.invokeMethod(Invoker.java:639)
	at org.testng.internal.Invoker.invokeTestMethod(Invoker.java:816)
	at org.testng.internal.Invoker.invokeTestMethods(Invoker.java:1124)
	at org.testng.internal.TestMethodWorker.invokeTestMethods(TestMethodWorker.java:125)
	at org.testng.internal.TestMethodWorker.run(TestMethodWorker.java:108)
	at org.testng.TestRunner.privateRun(TestRunner.java:774)
	at org.testng.TestRunner.run(TestRunner.java:624)
	at org.testng.SuiteRunner.runTest(SuiteRunner.java:359)
	at org.testng.SuiteRunner.runSequentially(SuiteRunner.java:354)
	at org.testng.SuiteRunner.privateRun(SuiteRunner.java:312)
	at org.testng.SuiteRunner.run(SuiteRunner.java:261)
	at org.testng.SuiteRunnerWorker.runSuite(SuiteRunnerWorker.java:52)
	at org.testng.SuiteRunnerWorker.run(SuiteRunnerWorker.java:86)
	at org.testng.TestNG.runSuitesSequentially(TestNG.java:1191)
	at org.testng.TestNG.runSuitesLocally(TestNG.java:1116)
	at org.testng.TestNG.run(TestNG.java:1024)
	at org.apache.maven.surefire.testng.TestNGExecutor.run(TestNGExecutor.java:135)
	at org.apache.maven.surefire.testng.TestNGDirectoryTestSuite.executeSingleClass(TestNGDirectoryTestSuite.java:112)
	at org.apache.maven.surefire.testng.TestNGDirectoryTestSuite.execute(TestNGDirectoryTestSuite.java:99)
	at org.apache.maven.surefire.testng.TestNGProvider.invoke(TestNGProvider.java:146)
	at org.apache.maven.surefire.booter.ForkedBooter.invokeProviderInSameClassLoader(ForkedBooter.java:384)
	at org.apache.maven.surefire.booter.ForkedBooter.runSuitesInProcess(ForkedBooter.java:345)
	at org.apache.maven.surefire.booter.ForkedBooter.execute(ForkedBooter.java:126)
	at org.apache.maven.surefire.booter.ForkedBooter.main(ForkedBooter.java:418)
Caused by: org.openqa.selenium.WebDriverException: Failed to connect to binary FirefoxBinary(C:\Program Files (x86)\Mozilla Firefox\firefox.exe) on port 7055; process output follows: 
ghtbulb.svg&quot;,&quot;48&quot;:&quot;icons/lightbulb.svg&quot;,&quot;96&quot;:&quot;icons/lightbulb.svg&quot;,&quot;128&quot;:&quot;icons/lightbulb.svg&quot;},&quot;iconURL&quot;:null,&quot;blocklistState&quot;:0,&quot;blocklistURL&quot;:null,&quot;startupData&quot;:null,&quot;hidden&quot;:true,&quot;installTelemetryInfo&quot;:null,&quot;location&quot;:&quot;app-system-defaults&quot;}
1555173807447	addons.xpi	DEBUG	Updating XPIState for {&quot;id&quot;:&quot;webcompat@mozilla.org&quot;,&quot;syncGUID&quot;:&quot;{a0d39ca2-bca4-4e5a-ae7c-5124376227a4}&quot;,&quot;version&quot;:&quot;3.0.2&quot;,&quot;type&quot;:&quot;extension&quot;,&quot;loader&quot;:null,&quot;updateURL&quot;:null,&quot;optionsURL&quot;:null,&quot;optionsType&quot;:null,&quot;optionsBrowserStyle&quot;:true,&quot;aboutURL&quot;:null,&quot;defaultLocale&quot;:{&quot;name&quot;:&quot;Web Compat&quot;,&quot;description&quot;:&quot;Urgent post-release fixes for web compatibility.&quot;,&quot;creator&quot;:null,&quot;developers&quot;:null,&quot;translators&quot;:null,&quot;contributors&quot;:null},&quot;visible&quot;:true,&quot;active&quot;:true,&quot;userDisabled&quot;:false,&quot;appDisabled&quot;:false,&quot;installDate&quot;:1554571702928,&quot;updateDate&quot;:1554571702928,&quot;applyBackgroundUpdates&quot;:1,&quot;path&quot;:&quot;C:\\Program Files (x86)\\Mozilla Firefox\\browser\\features\\webcompat@mozilla.org.xpi&quot;,&quot;skinnable&quot;:false,&quot;sourceURI&quot;:null,&quot;releaseNotesURI&quot;:null,&quot;softDisabled&quot;:false,&quot;foreignInstall&quot;:false,&quot;strictCompatibility&quot;:true,&quot;locales&quot;:[],&quot;targetApplications&quot;:[{&quot;id&quot;:&quot;toolkit@mozilla.org&quot;,&quot;minVersion&quot;:&quot;59.0b5&quot;,&quot;maxVersion&quot;:null}],&quot;targetPlatforms&quot;:[],&quot;seen&quot;:true,&quot;dependencies&quot;:[],&quot;userPermissions&quot;:{&quot;permissions&quot;:[&quot;webRequest&quot;,&quot;webRequestBlocking&quot;],&quot;origins&quot;:[&quot;&lt;all_urls&gt;&quot;]},&quot;icons&quot;:{},&quot;iconURL&quot;:null,&quot;blocklistState&quot;:0,&quot;blocklistURL&quot;:null,&quot;startupData&quot;:null,&quot;hidden&quot;:true,&quot;installTelemetryInfo&quot;:null,&quot;location&quot;:&quot;app-system-defaults&quot;}
1555173807447	addons.xpi-utils	DEBUG	Updating add-on states
1555173807451	addons.xpi	DEBUG	Calling bootstrap method startup on formautofill@mozilla.org version 1.0
1555173807454	addons.xpi	DEBUG	Calling bootstrap method startup on screenshots@mozilla.org version 35.0.0
1555173807456	addons.xpi	DEBUG	Calling bootstrap method startup on webcompat@mozilla.org version 3.0.2
1555173807459	addons.manager	DEBUG	Registering shutdown blocker for XPIProvider
1555173807460	addons.manager	DEBUG	Provider finished startup: XPIProvider
1555173807460	addons.manager	DEBUG	Starting provider: LightweightThemeManager
1555173807460	addons.manager	DEBUG	Registering shutdown blocker for LightweightThemeManager
1555173807461	addons.manager	DEBUG	Provider finished startup: LightweightThemeManager
1555173807462	addons.manager	DEBUG	Starting provider: GMPProvider
1555173807466	addons.manager	DEBUG	Registering shutdown blocker for GMPProvider
1555173807467	addons.manager	DEBUG	Provider finished startup: GMPProvider
1555173807467	addons.manager	DEBUG	Starting provider: PluginProvider
1555173807467	addons.manager	DEBUG	Registering shutdown blocker for PluginProvider
1555173807467	addons.manager	DEBUG	Provider finished startup: PluginProvider
1555173807477	addons.manager	DEBUG	Completed startup sequence
1555173809358	addons.xpi-utils	DEBUG	XPI Database saved, setting schema version preference to 28
1555173810094	addons.repository	DEBUG	No addons.json found.
1555173812667	addons.xpi	DEBUG	Ignoring file: name is not a valid add-on ID: C:\Users\TriNity\AppData\Local\Temp\anonymous8253210130243637588webdriver-profile\extensions\webdriver-staging
1555173812679	addons.xpi	DEBUG	Existing add-on formautofill@mozilla.org in app-system-defaults
1555173812680	addons.xpi	DEBUG	Existing add-on screenshots@mozilla.org in app-system-defaults
1555173812680	addons.xpi	DEBUG	Existing add-on webcompat-reporter@mozilla.org in app-system-defaults
1555173812681	addons.xpi	DEBUG	Existing add-on webcompat@mozilla.org in app-system-defaults
1555173812682	addons.xpi	DEBUG	scanForChanges changed: false, state: {}
JavaScript error: resource://gre/modules/addons/XPIProvider.jsm, line 2614: TypeError: addon is null
1555173812866	addons.manager	DEBUG	Registering upgrade listener for formautofill@mozilla.org
[Child 14696, Chrome_ChildThread] WARNING: pipe error: 109: file z:/build/build/src/ipc/chromium/src/chrome/common/ipc_channel_win.cc, line 332
[Child 14696, Chrome_ChildThread] WARNING: pipe error: 109: file z:/build/build/src/ipc/chromium/src/chrome/common/ipc_channel_win.cc, line 332

Build info: version: &apos;3.0.1&apos;, revision: &apos;1969d75&apos;, time: &apos;2016-10-18 09:49:13 -0700&apos;
System info: host: &apos;DESKTOP-8L4ELD8&apos;, ip: &apos;192.168.15.204&apos;, os.name: &apos;Windows 10&apos;, os.arch: &apos;amd64&apos;, os.version: &apos;10.0&apos;, java.version: &apos;1.8.0_201&apos;
Driver info: driver.version: FirefoxDriver
	at org.openqa.selenium.firefox.internal.NewProfileExtensionConnection.start(NewProfileExtensionConnection.java:125)
	at org.openqa.selenium.firefox.FirefoxDriver.startClient(FirefoxDriver.java:347)
	at org.openqa.selenium.remote.RemoteWebDriver.&lt;init&gt;(RemoteWebDriver.java:116)
	at org.openqa.selenium.firefox.FirefoxDriver.&lt;init&gt;(FirefoxDriver.java:259)
	at org.openqa.selenium.firefox.FirefoxDriver.&lt;init&gt;(FirefoxDriver.java:247)
	at org.openqa.selenium.firefox.FirefoxDriver.&lt;init&gt;(FirefoxDriver.java:242)
	at org.openqa.selenium.firefox.FirefoxDriver.&lt;init&gt;(FirefoxDriver.java:238)
	at org.openqa.selenium.firefox.FirefoxDriver.&lt;init&gt;(FirefoxDriver.java:127)
	at stepdefinition.SearchStep.i_an_on_Google_Search_page(SearchStep.java:16)
	at ?.Given I an on Google Search page(search.feature:7)
Caused by: org.openqa.selenium.firefox.NotConnectedException: Unable to connect to host 127.0.0.1 on port 7055 after 45000 ms. Firefox console output:
ghtbulb.svg&quot;,&quot;48&quot;:&quot;icons/lightbulb.svg&quot;,&quot;96&quot;:&quot;icons/lightbulb.svg&quot;,&quot;128&quot;:&quot;icons/lightbulb.svg&quot;},&quot;iconURL&quot;:null,&quot;blocklistState&quot;:0,&quot;blocklistURL&quot;:null,&quot;startupData&quot;:null,&quot;hidden&quot;:true,&quot;installTelemetryInfo&quot;:null,&quot;location&quot;:&quot;app-system-defaults&quot;}
1555173807447	addons.xpi	DEBUG	Updating XPIState for {&quot;id&quot;:&quot;webcompat@mozilla.org&quot;,&quot;syncGUID&quot;:&quot;{a0d39ca2-bca4-4e5a-ae7c-5124376227a4}&quot;,&quot;version&quot;:&quot;3.0.2&quot;,&quot;type&quot;:&quot;extension&quot;,&quot;loader&quot;:null,&quot;updateURL&quot;:null,&quot;optionsURL&quot;:null,&quot;optionsType&quot;:null,&quot;optionsBrowserStyle&quot;:true,&quot;aboutURL&quot;:null,&quot;defaultLocale&quot;:{&quot;name&quot;:&quot;Web Compat&quot;,&quot;description&quot;:&quot;Urgent post-release fixes for web compatibility.&quot;,&quot;creator&quot;:null,&quot;developers&quot;:null,&quot;translators&quot;:null,&quot;contributors&quot;:null},&quot;visible&quot;:true,&quot;active&quot;:true,&quot;userDisabled&quot;:false,&quot;appDisabled&quot;:false,&quot;installDate&quot;:1554571702928,&quot;updateDate&quot;:1554571702928,&quot;applyBackgroundUpdates&quot;:1,&quot;path&quot;:&quot;C:\\Program Files (x86)\\Mozilla Firefox\\browser\\features\\webcompat@mozilla.org.xpi&quot;,&quot;skinnable&quot;:false,&quot;sourceURI&quot;:null,&quot;releaseNotesURI&quot;:null,&quot;softDisabled&quot;:false,&quot;foreignInstall&quot;:false,&quot;strictCompatibility&quot;:true,&quot;locales&quot;:[],&quot;targetApplications&quot;:[{&quot;id&quot;:&quot;toolkit@mozilla.org&quot;,&quot;minVersion&quot;:&quot;59.0b5&quot;,&quot;maxVersion&quot;:null}],&quot;targetPlatforms&quot;:[],&quot;seen&quot;:true,&quot;dependencies&quot;:[],&quot;userPermissions&quot;:{&quot;permissions&quot;:[&quot;webRequest&quot;,&quot;webRequestBlocking&quot;],&quot;origins&quot;:[&quot;&lt;all_urls&gt;&quot;]},&quot;icons&quot;:{},&quot;iconURL&quot;:null,&quot;blocklistState&quot;:0,&quot;blocklistURL&quot;:null,&quot;startupData&quot;:null,&quot;hidden&quot;:true,&quot;installTelemetryInfo&quot;:null,&quot;location&quot;:&quot;app-system-defaults&quot;}
1555173807447	addons.xpi-utils	DEBUG	Updating add-on states
1555173807451	addons.xpi	DEBUG	Calling bootstrap method startup on formautofill@mozilla.org version 1.0
1555173807454	addons.xpi	DEBUG	Calling bootstrap method startup on screenshots@mozilla.org version 35.0.0
1555173807456	addons.xpi	DEBUG	Calling bootstrap method startup on webcompat@mozilla.org version 3.0.2
1555173807459	addons.manager	DEBUG	Registering shutdown blocker for XPIProvider
1555173807460	addons.manager	DEBUG	Provider finished startup: XPIProvider
1555173807460	addons.manager	DEBUG	Starting provider: LightweightThemeManager
1555173807460	addons.manager	DEBUG	Registering shutdown blocker for LightweightThemeManager
1555173807461	addons.manager	DEBUG	Provider finished startup: LightweightThemeManager
1555173807462	addons.manager	DEBUG	Starting provider: GMPProvider
1555173807466	addons.manager	DEBUG	Registering shutdown blocker for GMPProvider
1555173807467	addons.manager	DEBUG	Provider finished startup: GMPProvider
1555173807467	addons.manager	DEBUG	Starting provider: PluginProvider
1555173807467	addons.manager	DEBUG	Registering shutdown blocker for PluginProvider
1555173807467	addons.manager	DEBUG	Provider finished startup: PluginProvider
1555173807477	addons.manager	DEBUG	Completed startup sequence
1555173809358	addons.xpi-utils	DEBUG	XPI Database saved, setting schema version preference to 28
1555173810094	addons.repository	DEBUG	No addons.json found.
1555173812667	addons.xpi	DEBUG	Ignoring file: name is not a valid add-on ID: C:\Users\TriNity\AppData\Local\Temp\anonymous8253210130243637588webdriver-profile\extensions\webdriver-staging
1555173812679	addons.xpi	DEBUG	Existing add-on formautofill@mozilla.org in app-system-defaults
1555173812680	addons.xpi	DEBUG	Existing add-on screenshots@mozilla.org in app-system-defaults
1555173812680	addons.xpi	DEBUG	Existing add-on webcompat-reporter@mozilla.org in app-system-defaults
1555173812681	addons.xpi	DEBUG	Existing add-on webcompat@mozilla.org in app-system-defaults
1555173812682	addons.xpi	DEBUG	scanForChanges changed: false, state: {}
JavaScript error: resource://gre/modules/addons/XPIProvider.jsm, line 2614: TypeError: addon is null
1555173812866	addons.manager	DEBUG	Registering upgrade listener for formautofill@mozilla.org
[Child 14696, Chrome_ChildThread] WARNING: pipe error: 109: file z:/build/build/src/ipc/chromium/src/chrome/common/ipc_channel_win.cc, line 332
[Child 14696, Chrome_ChildThread] WARNING: pipe error: 109: file z:/build/build/src/ipc/chromium/src/chrome/common/ipc_channel_win.cc, line 332

	at org.openqa.selenium.firefox.internal.NewProfileExtensionConnection.start(NewProfileExtensionConnection.java:113)
	at org.openqa.selenium.firefox.FirefoxDriver.startClient(FirefoxDriver.java:347)
	at org.openqa.selenium.remote.RemoteWebDriver.&lt;init&gt;(RemoteWebDriver.java:116)
	at org.openqa.selenium.firefox.FirefoxDriver.&lt;init&gt;(FirefoxDriver.java:259)
	at org.openqa.selenium.firefox.FirefoxDriver.&lt;init&gt;(FirefoxDriver.java:247)
	at org.openqa.selenium.firefox.FirefoxDriver.&lt;init&gt;(FirefoxDriver.java:242)
	at org.openqa.selenium.firefox.FirefoxDriver.&lt;init&gt;(FirefoxDriver.java:238)
	at org.openqa.selenium.firefox.FirefoxDriver.&lt;init&gt;(FirefoxDriver.java:127)
	at stepdefinition.SearchStep.i_an_on_Google_Search_page(SearchStep.java:16)
	at sun.reflect.NativeMethodAccessorImpl.invoke0(Native Method)
	at sun.reflect.NativeMethodAccessorImpl.invoke(NativeMethodAccessorImpl.java:62)
	at sun.reflect.DelegatingMethodAccessorImpl.invoke(DelegatingMethodAccessorImpl.java:43)
	at java.lang.reflect.Method.invoke(Method.java:498)
	at cucumber.runtime.Utils$1.call(Utils.java:40)
	at cucumber.runtime.Timeout.timeout(Timeout.java:16)
	at cucumber.runtime.Utils.invoke(Utils.java:34)
	at cucumber.runtime.java.JavaStepDefinition.execute(JavaStepDefinition.java:38)
	at cucumber.runtime.StepDefinitionMatch.runStep(StepDefinitionMatch.java:37)
	at cucumber.runtime.Runtime.runStep(Runtime.java:300)
	at cucumber.runtime.model.StepContainer.runStep(StepContainer.java:44)
	at cucumber.runtime.model.StepContainer.runSteps(StepContainer.java:39)
	at cucumber.runtime.model.CucumberScenario.run(CucumberScenario.java:44)
	at cucumber.runtime.model.CucumberFeature.run(CucumberFeature.java:165)
	at cucumber.api.testng.TestNGCucumberRunner.runCucumber(TestNGCucumberRunner.java:63)
	at TestRunner.feature(TestRunner.java:31)
	at sun.reflect.NativeMethodAccessorImpl.invoke0(Native Method)
	at sun.reflect.NativeMethodAccessorImpl.invoke(NativeMethodAccessorImpl.java:62)
	at sun.reflect.DelegatingMethodAccessorImpl.invoke(DelegatingMethodAccessorImpl.java:43)
	at java.lang.reflect.Method.invoke(Method.java:498)
	at org.testng.internal.MethodInvocationHelper.invokeMethod(MethodInvocationHelper.java:85)
	at org.testng.internal.Invoker.invokeMethod(Invoker.java:639)
	at org.testng.internal.Invoker.invokeTestMethod(Invoker.java:816)
	at org.testng.internal.Invoker.invokeTestMethods(Invoker.java:1124)
	at org.testng.internal.TestMethodWorker.invokeTestMethods(TestMethodWorker.java:125)
	at org.testng.internal.TestMethodWorker.run(TestMethodWorker.java:108)
	at org.testng.TestRunner.privateRun(TestRunner.java:774)
	at org.testng.TestRunner.run(TestRunner.java:624)
	at org.testng.SuiteRunner.runTest(SuiteRunner.java:359)
	at org.testng.SuiteRunner.runSequentially(SuiteRunner.java:354)
	at org.testng.SuiteRunner.privateRun(SuiteRunner.java:312)
	at org.testng.SuiteRunner.run(SuiteRunner.java:261)
	at org.testng.SuiteRunnerWorker.runSuite(SuiteRunnerWorker.java:52)
	at org.testng.SuiteRunnerWorker.run(SuiteRunnerWorker.java:86)
	at org.testng.TestNG.runSuitesSequentially(TestNG.java:1191)
	at org.testng.TestNG.runSuitesLocally(TestNG.java:1116)
	at org.testng.TestNG.run(TestNG.java:1024)
	at org.apache.maven.surefire.testng.TestNGExecutor.run(TestNGExecutor.java:135)
	at org.apache.maven.surefire.testng.TestNGDirectoryTestSuite.executeSingleClass(TestNGDirectoryTestSuite.java:112)
	at org.apache.maven.surefire.testng.TestNGDirectoryTestSuite.execute(TestNGDirectoryTestSuite.java:99)
	at org.apache.maven.surefire.testng.TestNGProvider.invoke(TestNGProvider.java:146)
	at org.apache.maven.surefire.booter.ForkedBooter.invokeProviderInSameClassLoader(ForkedBooter.java:384)
	at org.apache.maven.surefire.booter.ForkedBooter.runSuitesInProcess(ForkedBooter.java:345)
	at org.apache.maven.surefire.booter.ForkedBooter.execute(ForkedBooter.java:126)
	at org.apache.maven.surefire.booter.ForkedBooter.main(ForkedBooter.java:418)
</pre></div></td>
<td>53</td>
<td>TestRunner@23ceabc1</td></tr>
</table><p>
<table width='100%' border='1' class='invocation-passed'>
<tr><td colspan='4' align='center'><b>PASSED TESTS</b></td></tr>
<tr><td><b>Test method</b></td>
<td width="30%"><b>Exception</b></td>
<td width="10%"><b>Time (seconds)</b></td>
<td><b>Instance</b></td>
</tr>
<tr>
<td title='TestRunner.feature()'><b>feature</b><br>Test class: TestRunner<br>Test method: Runs Cucumber Feature<br>Parameters: Login Profile</td>
<td></td>
<td>0</td>
<td>TestRunner@23ceabc1</td></tr>
</table><p>
</body>
</html>